2021-08-05 00:28:56,146 [Worker-1] INFO  c.g.t.t.d.PublishedGradleVersions - Gradle version information cache is up-to-date. Trying to read.
2021-08-05 00:29:36,580 [Worker-0] INFO  o.e.m.c.i.l.LifecycleMappingFactory - Using org.eclipse.m2e.jdt.JarLifecycleMapping lifecycle mapping for MavenProject: com.common:commonManager:0.0.1-SNAPSHOT @ G:\SpringFightBook-WorkSpace\commonManager\pom.xml.
2021-08-05 00:29:43,123 [Worker-0] INFO  o.e.m.j.i.AbstractJavaProjectConfigurator - Adding source folder /commonManager/src/main/java
2021-08-05 00:29:43,124 [Worker-0] INFO  o.e.m.j.i.AbstractJavaProjectConfigurator - Adding resource folder /commonManager/src/main/resources
2021-08-05 00:29:43,126 [Worker-0] INFO  o.e.m.j.i.AbstractJavaProjectConfigurator - Adding resource folder /commonManager/src/main/resources
2021-08-05 00:29:43,130 [Worker-0] INFO  o.e.m.j.i.AbstractJavaProjectConfigurator - Adding source folder /commonManager/src/test/java
2021-08-05 00:29:44,168 [Worker-0] INFO  o.e.m.c.i.p.ProjectConfigurationManager - Imported and configured 1 project(s) in 13 sec
2021-08-05 00:29:48,855 [Worker-0] INFO  o.e.m.c.i.embedder.EclipseLogger - Using 'UTF-8' encoding to copy filtered resources.
2021-08-05 00:29:48,855 [Worker-0] INFO  o.e.m.c.i.embedder.EclipseLogger - Using 'UTF-8' encoding to copy filtered properties files.
2021-08-05 00:29:48,879 [Worker-0] INFO  o.e.m.c.i.embedder.EclipseLogger - Copying 1 resource
2021-08-05 00:29:48,927 [Worker-0] INFO  o.e.m.c.i.embedder.EclipseLogger - Copying 0 resource
2021-08-05 00:29:48,932 [Worker-0] INFO  o.e.m.c.i.embedder.EclipseLogger - Using 'UTF-8' encoding to copy filtered resources.
2021-08-05 00:29:48,933 [Worker-0] INFO  o.e.m.c.i.embedder.EclipseLogger - Using 'UTF-8' encoding to copy filtered properties files.
2021-08-05 00:29:48,933 [Worker-0] INFO  o.e.m.c.i.embedder.EclipseLogger - skip non existing resourceDirectory G:\SpringFightBook-WorkSpace\commonManager\src\test\resources
2021-08-05 00:29:58,568 [main] INFO  o.e.m2e.actions.ExecutePomAction - Creating new launch configuration
2021-08-05 00:30:48,157 [Worker-15] INFO  o.e.m.c.i.embedder.EclipseLogger - Using 'UTF-8' encoding to copy filtered resources.
2021-08-05 00:30:48,158 [Worker-15] INFO  o.e.m.c.i.embedder.EclipseLogger - Using 'UTF-8' encoding to copy filtered properties files.
2021-08-05 00:30:48,160 [Worker-15] INFO  o.e.m.c.i.embedder.EclipseLogger - Copying 0 resource
2021-08-05 00:30:48,160 [Worker-15] INFO  o.e.m.c.i.embedder.EclipseLogger - Copying 0 resource
2021-08-05 00:30:48,164 [Worker-15] INFO  o.e.m.c.i.embedder.EclipseLogger - Using 'UTF-8' encoding to copy filtered resources.
2021-08-05 00:30:48,164 [Worker-15] INFO  o.e.m.c.i.embedder.EclipseLogger - Using 'UTF-8' encoding to copy filtered properties files.
2021-08-05 00:30:48,164 [Worker-15] INFO  o.e.m.c.i.embedder.EclipseLogger - skip non existing resourceDirectory G:\SpringFightBook-WorkSpace\commonManager\src\test\resources
2021-08-05 00:30:53,524 [Worker-12] INFO  o.e.m.i.launch.MavenLaunchDelegate - G:\SpringFightBook-WorkSpace\commonManager
2021-08-05 00:30:53,527 [Worker-12] INFO  o.e.m.i.launch.MavenLaunchDelegate -  mvn -B 
2021-08-05 00:31:04,012 [main] INFO  o.e.m2e.actions.ExecutePomAction - Using existing launch configuration
2021-08-05 00:31:17,106 [Worker-5] INFO  o.e.m.i.launch.MavenLaunchDelegate - G:\SpringFightBook-WorkSpace\commonManager
2021-08-05 00:31:17,106 [Worker-5] INFO  o.e.m.i.launch.MavenLaunchDelegate -  mvn -B clean install
2021-08-05 00:32:26,291 [main] INFO  o.e.m2e.actions.ExecutePomAction - Using existing launch configuration
2021-08-05 00:32:26,431 [Worker-13] INFO  o.e.m.i.launch.MavenLaunchDelegate - G:\SpringFightBook-WorkSpace\commonManager
2021-08-05 00:32:26,432 [Worker-13] INFO  o.e.m.i.launch.MavenLaunchDelegate -  mvn -B clean install
2021-08-05 00:32:32,563 [main] INFO  o.e.m2e.actions.ExecutePomAction - Creating new launch configuration
2021-08-05 00:32:49,375 [Worker-2] INFO  o.e.m.i.launch.MavenLaunchDelegate - G:\SpringFightBook-WorkSpace\commonManager
2021-08-05 00:32:49,380 [Worker-2] INFO  o.e.m.i.launch.MavenLaunchDelegate -  mvn -B -Dmaven.test.skip=true -DskipTests clean install
2021-08-05 00:34:00,030 [Worker-12] INFO  o.e.m.i.launch.MavenLaunchDelegate - G:\SpringFightBook-WorkSpace\commonManager
2021-08-05 00:34:00,031 [Worker-12] INFO  o.e.m.i.launch.MavenLaunchDelegate -  mvn -B -Dmaven.test.skip=true -DskipTests clean install
2021-08-05 00:35:17,195 [Worker-1] INFO  o.e.m.i.launch.MavenLaunchDelegate - G:\SpringFightBook-WorkSpace\commonManager
2021-08-05 00:35:17,195 [Worker-1] INFO  o.e.m.i.launch.MavenLaunchDelegate -  mvn -B -Dmaven.test.skip=true -DskipTests clean install
2021-08-05 00:35:46,665 [Worker-7] INFO  o.e.m.c.i.p.ProjectConfigurationManager - Update started
2021-08-05 00:35:48,932 [Worker-7] INFO  o.e.m.c.i.l.LifecycleMappingFactory - Using org.eclipse.m2e.jdt.JarLifecycleMapping lifecycle mapping for MavenProject: com.common:commonManager:0.0.1-SNAPSHOT @ G:\SpringFightBook-WorkSpace\commonManager\pom.xml.
2021-08-05 00:35:52,532 [Worker-7] INFO  o.e.m.j.i.AbstractJavaProjectConfigurator - Adding source folder /commonManager/src/main/java
2021-08-05 00:35:52,532 [Worker-7] INFO  o.e.m.j.i.AbstractJavaProjectConfigurator - Adding resource folder /commonManager/src/main/resources
2021-08-05 00:35:52,533 [Worker-7] INFO  o.e.m.j.i.AbstractJavaProjectConfigurator - Adding resource folder /commonManager/src/main/resources
2021-08-05 00:35:52,534 [Worker-7] INFO  o.e.m.j.i.AbstractJavaProjectConfigurator - Adding source folder /commonManager/src/test/java
2021-08-05 00:35:53,305 [Worker-7] INFO  o.e.m.c.i.p.ProjectConfigurationManager - Update completed: 6 sec
2021-08-05 00:35:55,369 [Worker-10] INFO  o.e.m.c.i.embedder.EclipseLogger - Using 'UTF-8' encoding to copy filtered resources.
2021-08-05 00:35:55,370 [Worker-10] INFO  o.e.m.c.i.embedder.EclipseLogger - Using 'UTF-8' encoding to copy filtered properties files.
2021-08-05 00:35:55,371 [Worker-10] INFO  o.e.m.c.i.embedder.EclipseLogger - Copying 1 resource
2021-08-05 00:35:55,393 [Worker-10] INFO  o.e.m.c.i.embedder.EclipseLogger - Copying 0 resource
2021-08-05 00:35:55,396 [Worker-10] INFO  o.e.m.c.i.embedder.EclipseLogger - Using 'UTF-8' encoding to copy filtered resources.
2021-08-05 00:35:55,396 [Worker-10] INFO  o.e.m.c.i.embedder.EclipseLogger - Using 'UTF-8' encoding to copy filtered properties files.
2021-08-05 00:35:55,397 [Worker-10] INFO  o.e.m.c.i.embedder.EclipseLogger - skip non existing resourceDirectory G:\SpringFightBook-WorkSpace\commonManager\src\test\resources
2021-08-05 00:36:05,055 [Worker-12] INFO  o.e.m.i.launch.MavenLaunchDelegate - G:\SpringFightBook-WorkSpace\commonManager
2021-08-05 00:36:05,055 [Worker-12] INFO  o.e.m.i.launch.MavenLaunchDelegate -  mvn -B -Dmaven.test.skip=true -DskipTests clean install
